#
# A fatal error has been detected by the Java Runtime Environment:
#
#  Internal Error (javaClasses.cpp:127), pid=1020, tid=7608
#  fatal error: Invalid layout of preloaded class
#
# JRE version:  (8.0_40-b26) (build )
# Java VM: Java HotSpot(TM) 64-Bit Server VM (25.40-b25 mixed mode windows-amd64 compressed oops)
# Failed to write core dump. Minidumps are not enabled by default on client versions of Windows
#
# If you would like to submit a bug report, please visit:
#   http://bugreport.java.com/bugreport/crash.jsp
#

---------------  T H R E A D  ---------------

Current thread (0x000000000208e800):  JavaThread "Unknown thread" [_thread_in_vm, id=7608, stack(0x00000000023e0000,0x00000000024e0000)]

Stack: [0x00000000023e0000,0x00000000024e0000]
Native frames: (J=compiled Java code, j=interpreted, Vv=VM code, C=native code)
V  [jvm.dll+0x32b47a]
V  [jvm.dll+0x2797f3]
V  [jvm.dll+0x27a489]
V  [jvm.dll+0x271726]
V  [jvm.dll+0x67fd3]
V  [jvm.dll+0x680c3]
V  [jvm.dll+0x7d63a]
V  [jvm.dll+0x7d9a6]
V  [jvm.dll+0xf2077]
V  [jvm.dll+0xf2406]
V  [jvm.dll+0x20f107]
V  [jvm.dll+0x240d9a]
V  [jvm.dll+0x15b941]
C  [javaw.exe+0x217e]
C  [javaw.exe+0xcd17]
C  [javaw.exe+0xcdab]
C  [kernel32.dll+0x159cd]
C  [ntdll.dll+0x2b891]


---------------  P R O C E S S  ---------------

Java Threads: ( => current thread )

Other Threads:

=>0x000000000208e800 (exited) JavaThread "Unknown thread" [_thread_in_vm, id=7608, stack(0x00000000023e0000,0x00000000024e0000)]

VM state:not at safepoint (not fully initialized)

VM Mutex/Monitor currently owned by a thread: None

GC Heap History (0 events):
No events

Deoptimization events (0 events):
No events

Internal exceptions (0 events):
No events

Events (10 events):
Event: 0.076 loading class java/lang/CharSequence done
Event: 0.076 loading class java/lang/String done
Event: 0.076 loading class java/lang/Class
Event: 0.077 loading class java/lang/reflect/AnnotatedElement
Event: 0.080 loading class java/lang/reflect/AnnotatedElement done
Event: 0.080 loading class java/lang/reflect/GenericDeclaration
Event: 0.080 loading class java/lang/reflect/GenericDeclaration done
Event: 0.081 loading class java/lang/reflect/Type
Event: 0.082 loading class java/lang/reflect/Type done
Event: 0.083 loading class java/lang/Class done


Dynamic libraries:
0x000000013f210000 - 0x000000013f247000 	C:\Program Files\Java\jre1.8.0_40\bin\javaw.exe
0x0000000077600000 - 0x00000000777a8000 	C:\windows\SYSTEM32\ntdll.dll
0x00000000773e0000 - 0x00000000774ff000 	C:\windows\system32\kernel32.dll
0x000007fefd3f0000 - 0x000007fefd45c000 	C:\windows\system32\KERNELBASE.dll
0x000007feff760000 - 0x000007feff83b000 	C:\windows\system32\ADVAPI32.dll
0x000007fefe1c0000 - 0x000007fefe25f000 	C:\windows\system32\msvcrt.dll
0x000007fefda50000 - 0x000007fefda6f000 	C:\windows\SYSTEM32\sechost.dll
0x000007fefe4e0000 - 0x000007fefe60d000 	C:\windows\system32\RPCRT4.dll
0x0000000077500000 - 0x00000000775fa000 	C:\windows\system32\USER32.dll
0x000007fefe040000 - 0x000007fefe0a7000 	C:\windows\system32\GDI32.dll
0x000007fefdc10000 - 0x000007fefdc1e000 	C:\windows\system32\LPK.dll
0x000007feff840000 - 0x000007feff909000 	C:\windows\system32\USP10.dll
0x000007fefbf20000 - 0x000007fefc114000 	C:\windows\WinSxS\amd64_microsoft.windows.common-controls_6595b64144ccf1df_6.0.7601.17514_none_fa396087175ac9ac\COMCTL32.dll
0x000007fefde50000 - 0x000007fefdec1000 	C:\windows\system32\SHLWAPI.dll
0x000007fefe260000 - 0x000007fefe28e000 	C:\windows\system32\IMM32.DLL
0x000007fefe0b0000 - 0x000007fefe1b9000 	C:\windows\system32\MSCTF.dll
0x000000006f740000 - 0x000000006f812000 	C:\Program Files\Java\jre1.8.0_40\bin\msvcr100.dll
0x0000000065080000 - 0x0000000065903000 	C:\Program Files\Java\jre1.8.0_40\bin\server\jvm.dll
0x000007fef1760000 - 0x000007fef1769000 	C:\windows\system32\WSOCK32.dll
0x000007fefdff0000 - 0x000007fefe03d000 	C:\windows\system32\WS2_32.dll
0x000007fefda70000 - 0x000007fefda78000 	C:\windows\system32\NSI.dll
0x000007fef9e40000 - 0x000007fef9e7b000 	C:\windows\system32\WINMM.dll
0x000007fefc410000 - 0x000007fefc41c000 	C:\windows\system32\VERSION.dll
0x00000000777c0000 - 0x00000000777c7000 	C:\windows\system32\PSAPI.DLL
0x00000000711e0000 - 0x00000000711ef000 	C:\Program Files\Java\jre1.8.0_40\bin\verify.dll
0x00000000711b0000 - 0x00000000711d9000 	C:\Program Files\Java\jre1.8.0_40\bin\java.dll
0x0000000071150000 - 0x0000000071166000 	C:\Program Files\Java\jre1.8.0_40\bin\zip.dll
0x000007fefaec0000 - 0x000007fefafe5000 	C:\windows\system32\dbghelp.dll

VM Arguments:
jvm_args: -Dfile.encoding=Cp1252 -Xbootclasspath:C:\Users\Blake\android_dir\android_sdk_dir\adt-bundle-windows-x86_64-20140702\sdk\platforms\android-22\android.jar 
java_command: com.example.ezplanner.Helper
java_class_path (initial): C:\Users\Blake\workspace\appcompat_v7\libs\android-support-v4.jar;C:\Users\Blake\workspace\appcompat_v7\libs\android-support-v7-appcompat.jar;C:\Users\Blake\workspace\appcompat_v7\bin\appcompat_v7.jar;C:\Users\Blake\workspace\EZplanner\bin\classes
Launcher Type: SUN_STANDARD

Environment Variables:
PATH=C:/Program Files/Java/jre1.8.0_40/bin/server;C:/Program Files/Java/jre1.8.0_40/bin;C:/Program Files/Java/jre1.8.0_40/lib/amd64;C:\ProgramData\Oracle\Java\javapath;C:\Program Files\Common Files\Microsoft Shared\Windows Live;C:\Program Files (x86)\Common Files\Microsoft Shared\Windows Live;C:\windows\system32;C:\windows\system32;C:\windows;C:\windows\System32\Wbem;C:\windows\System32\WindowsPowerShell\v1.0\;C:\Program Files (x86)\ATI Technologies\ATI.ACE\Core-Static;C:\j2sdk1.4.2_<version>\bin;C:\Program Files (x86)\Windows Live\Shared;C:\Program Files (x86)\Windows Kits\8.1\Windows Performance Toolkit\;C:\Program Files\Microsoft SQL Server\110\Tools\Binn\;<android_sdk_dir>/tools;<android_sdk_dir>/platform-tools;C:\Program Files (x86)\Calibre2\;C:\Program Files (x86)\PharosSystems\Core;C:\Program Files\Microsoft SQL Server\Client SDK\ODBC\110\Tools\Binn\;C:\Program Files (x86)\Microsoft SQL Server\120\Tools\Binn\;C:\Program Files\Microsoft SQL Server\120\Tools\Binn\;C:\Program Files\Microsoft SQL Server\120\DTS\Binn\;C:\Program Files (x86)\MySQL\MySQL Utilities 1.4\;C:\Program Files (x86)\MySQL\MySQL Utilities 1.4\Doctrine extensions for PHP\;C:\python27;C:\Program Files\Java\jdk1.7.0_02\bin;C:\Users\Blake\bin\GnuWin32\bin;C:\windows\system32;C:\windows;C:\windows\System32\Wbem;C:\windows\System32\WindowsPowerShell\v1.0\;C:\Program Files (x86)\ATI Technologies\ATI.ACE\Core-Static;C:\j2sdk1.4.2_<version>\bin;C:\Program Files (x86)\Java\jre1.8.0_40\bin;C:\Users\Blake\android_dir\android_sdk_dir\adt-bundle-windows-x86_64-20140702\sdk;C:\Users\Blake\android_dir\android_sdk_dir\adt-bundle-windows-x86_64-20140702\eclipse;
USERNAME=Blake
OS=Windows_NT
PROCESSOR_IDENTIFIER=AMD64 Family 16 Model 6 Stepping 3, AuthenticAMD



---------------  S Y S T E M  ---------------

OS: Windows 7 , 64 bit Build 7601 (6.1.7601.18798)

CPU:total 2 (2 cores per cpu, 1 threads per core) family 16 model 6 stepping 3, cmov, cx8, fxsr, mmx, sse, sse2, sse3, popcnt, mmxext, 3dnowpref, lzcnt, sse4a, tsc, tscinvbit, tscinv

Memory: 4k page, physical 3926936k(874544k free), swap 9066812k(688624k free)

vm_info: Java HotSpot(TM) 64-Bit Server VM (25.40-b25) for windows-amd64 JRE (1.8.0_40-b26), built on Mar  7 2015 13:51:59 by "java_re" with MS VC++ 10.0 (VS2010)

time: Sun Apr 19 20:28:40 2015
elapsed time: 0 seconds (0d 0h 0m 0s)

